<?xml version="1.0" encoding="UTF-8"?>
<!-- Generated by org.testng.reporters.JUnitXMLReporter -->
<testsuite hostname="INDIA-Srinivas" name="Default test" tests="1" failures="0" timestamp="28 Mar 2016 12:24:44 GMT" time="0.02" errors="0">
  <testcase name="@BeforeClass classSetup" time="0.0" classname="com.perficient.core.TestDriver">
    <failure type="org.testng.TestNGException" message="
Parameter &amp;apos;tc_name&amp;apos; is required by @Configuration on method classSetup but has not been marked @Optional or defined
in C:\Users\srinivasan.ramasamy\AppData\Local\Temp\testng-eclipse--661635663\testng-customsuite.xml">
      <![CDATA[org.testng.TestNGException: 
Parameter 'tc_name' is required by @Configuration on method classSetup but has not been marked @Optional or defined
in C:\Users\srinivasan.ramasamy\AppData\Local\Temp\testng-eclipse--661635663\testng-customsuite.xml
	at org.testng.internal.Parameters.createParameters(Parameters.java:154)
	at org.testng.internal.Parameters.createParameters(Parameters.java:361)
	at org.testng.internal.Parameters.createConfigurationParameters(Parameters.java:84)
	at org.testng.internal.Invoker.invokeConfigurations(Invoker.java:202)
	at org.testng.internal.Invoker.invokeConfigurations(Invoker.java:143)
	at org.testng.internal.TestMethodWorker.invokeBeforeClassMethods(TestMethodWorker.java:178)
	at org.testng.internal.TestMethodWorker.run(TestMethodWorker.java:108)
	at org.testng.TestRunner.privateRun(TestRunner.java:778)
	at org.testng.TestRunner.run(TestRunner.java:632)
	at org.testng.SuiteRunner.runTest(SuiteRunner.java:366)
	at org.testng.SuiteRunner.runSequentially(SuiteRunner.java:361)
	at org.testng.SuiteRunner.privateRun(SuiteRunner.java:319)
	at org.testng.SuiteRunner.run(SuiteRunner.java:268)
	at org.testng.SuiteRunnerWorker.runSuite(SuiteRunnerWorker.java:52)
	at org.testng.SuiteRunnerWorker.run(SuiteRunnerWorker.java:86)
	at org.testng.TestNG.runSuitesSequentially(TestNG.java:1225)
	at org.testng.TestNG.runSuitesLocally(TestNG.java:1150)
	at org.testng.TestNG.runSuites(TestNG.java:1075)
	at org.testng.TestNG.run(TestNG.java:1047)
	at org.testng.remote.AbstractRemoteTestNG.run(AbstractRemoteTestNG.java:126)
	at org.testng.remote.RemoteTestNG.initAndRun(RemoteTestNG.java:75)
	at org.testng.remote.RemoteTestNG.main(RemoteTestNG.java:46)
]]>
    </failure>
  </testcase> <!-- @BeforeClass classSetup -->
  <testcase name="@AfterClass wrapup" time="0.0" classname="com.perficient.core.TestDriver">
    <skipped/>
  </testcase> <!-- @AfterClass wrapup -->
  <testcase name="testMethod" time="0.0" classname="com.perficient.core.TestDriver">
    <skipped/>
  </testcase> <!-- testMethod -->
</testsuite> <!-- Default test -->
